{
  "stats": {
    "suites": 1,
    "tests": 1,
    "passes": 1,
    "pending": 0,
    "failures": 0,
    "start": "2021-10-23T03:25:04.764Z",
    "end": "2021-10-23T03:25:06.585Z",
    "duration": 1821,
    "testsRegistered": 1,
    "passPercent": 100,
    "pendingPercent": 0,
    "other": 0,
    "hasOther": false,
    "skipped": 0,
    "hasSkipped": false
  },
  "results": [
    {
      "uuid": "43521769-0740-4cfc-a9b4-c179036a2602",
      "title": "",
      "fullFile": "",
      "file": "",
      "beforeHooks": [],
      "afterHooks": [],
      "tests": [],
      "suites": [
        {
          "uuid": "c65f63a8-3880-4200-a3d1-aa3024a9358b",
          "title": "GET /todos/:1",
          "fullFile": "D:\\Practice\\WebdriverIOAppium\\test\\specs\\microservices\\sample-rest-service.js",
          "file": "\\test\\specs\\microservices\\sample-rest-service.js",
          "beforeHooks": [],
          "afterHooks": [],
          "tests": [
            {
              "title": "todos with id 1",
              "fullTitle": "GET /todos/:1 todos with id 1",
              "timedOut": false,
              "duration": 1813,
              "state": "passed",
              "speed": "slow",
              "pass": true,
              "fail": false,
              "pending": false,
              "context": null,
              "code": "const response = await request.get(\"/todos/1\");\nexpect(response.status).to.eql(200);",
              "err": {},
              "uuid": "d0d0667c-8ee9-462f-a4b4-882be415c883",
              "parentUUID": "c65f63a8-3880-4200-a3d1-aa3024a9358b",
              "isHook": false,
              "skipped": false
            }
          ],
          "suites": [],
          "passes": [
            "d0d0667c-8ee9-462f-a4b4-882be415c883"
          ],
          "failures": [],
          "pending": [],
          "skipped": [],
          "duration": 1813,
          "root": false,
          "rootEmpty": false,
          "_timeout": 2000
        }
      ],
      "passes": [],
      "failures": [],
      "pending": [],
      "skipped": [],
      "duration": 0,
      "root": true,
      "rootEmpty": true,
      "_timeout": 2000
    }
  ],
  "meta": {
    "mocha": {
      "version": "9.1.3"
    },
    "mochawesome": {
      "options": {
        "quiet": false,
        "reportFilename": "mochawesome",
        "saveHtml": true,
        "saveJson": true,
        "consoleReporter": "spec",
        "useInlineDiffs": false,
        "code": true
      },
      "version": "6.3.1"
    },
    "marge": {
      "options": {
        "reportDir": "test-execution_report/microservice",
        "": true
      },
      "version": "5.2.0"
    }
  }
}